<?xml version="1.0" encoding="UTF-8"?>
<testng-results skipped="0" failed="0" total="1" passed="1">
  <reporter-output>
  </reporter-output>
  <suite name="Default suite" duration-ms="12318" started-at="2018-09-14T04:48:12Z" finished-at="2018-09-14T04:48:24Z">
    <groups>
    </groups>
    <test name="Default test" duration-ms="12318" started-at="2018-09-14T04:48:12Z" finished-at="2018-09-14T04:48:24Z">
      <class name="selenium_api.Topic_01_CheckEnvironment">
        <test-method status="PASS" signature="beforeClass()[pri:0, instance:selenium_api.Topic_01_CheckEnvironment@2ac1fdc4]" name="beforeClass" is-config="true" duration-ms="7039" started-at="2018-09-14T11:48:12Z" finished-at="2018-09-14T11:48:19Z">
          <reporter-output>
          </reporter-output>
        </test-method> <!-- beforeClass -->
        <test-method status="PASS" signature="TC_01_CheckBrower()[pri:0, instance:selenium_api.Topic_01_CheckEnvironment@2ac1fdc4]" name="TC_01_CheckBrower" duration-ms="4740" started-at="2018-09-14T11:48:19Z" finished-at="2018-09-14T11:48:23Z">
          <reporter-output>
          </reporter-output>
        </test-method> <!-- TC_01_CheckBrower -->
        <test-method status="PASS" signature="afterClass()[pri:0, instance:selenium_api.Topic_01_CheckEnvironment@2ac1fdc4]" name="afterClass" is-config="true" duration-ms="522" started-at="2018-09-14T11:48:23Z" finished-at="2018-09-14T11:48:24Z">
          <reporter-output>
          </reporter-output>
        </test-method> <!-- afterClass -->
      </class> <!-- selenium_api.Topic_01_CheckEnvironment -->
    </test> <!-- Default test -->
  </suite> <!-- Default suite -->
</testng-results>
